<?xml version="1.0" encoding="UTF-8"?>
<testng-results ignored="0" total="1" passed="1" failed="0" skipped="0">
  <reporter-output>
    <line>
      <![CDATA[database connected]]>
    </line>
    <line>
      <![CDATA[browser launch]]>
    </line>
    <line>
      <![CDATA[login successful]]>
    </line>
    <line>
      <![CDATA[logged out successfully]]>
    </line>
    <line>
      <![CDATA[browser closed]]>
    </line>
    <line>
      <![CDATA[database disconnected]]>
    </line>
  </reporter-output>
  <suite started-at="2023-06-05T10:07:42 IST" name="Default suite" finished-at="2023-06-05T10:08:21 IST" duration-ms="39363">
    <groups>
    </groups>
    <test started-at="2023-06-05T10:07:42 IST" name="Default test" finished-at="2023-06-05T10:08:21 IST" duration-ms="39363">
      <class name="com.Actitime.TestScripts.CreateCustomer">
        <test-method is-config="true" signature="databaseConnection()[pri:0, instance:com.Actitime.TestScripts.CreateCustomer@5119fb47]" started-at="2023-06-05T10:07:42 IST" name="databaseConnection" finished-at="2023-06-05T10:07:42 IST" duration-ms="13" status="PASS">
          <reporter-output>
            <line>
              <![CDATA[database connected]]>
            </line>
          </reporter-output>
        </test-method> <!-- databaseConnection -->
        <test-method is-config="true" signature="launchBrowser()[pri:0, instance:com.Actitime.TestScripts.CreateCustomer@5119fb47]" started-at="2023-06-05T10:07:42 IST" name="launchBrowser" finished-at="2023-06-05T10:08:03 IST" duration-ms="21004" status="PASS">
          <reporter-output>
            <line>
              <![CDATA[browser launch]]>
            </line>
          </reporter-output>
        </test-method> <!-- launchBrowser -->
        <test-method is-config="true" signature="login()[pri:0, instance:com.Actitime.TestScripts.CreateCustomer@5119fb47]" started-at="2023-06-05T10:08:03 IST" name="login" finished-at="2023-06-05T10:08:03 IST" duration-ms="439" status="PASS">
          <reporter-output>
            <line>
              <![CDATA[login successful]]>
            </line>
          </reporter-output>
        </test-method> <!-- login -->
        <test-method signature="createcustomer()[pri:0, instance:com.Actitime.TestScripts.CreateCustomer@5119fb47]" started-at="2023-06-05T10:08:03 IST" name="createcustomer" finished-at="2023-06-05T10:08:17 IST" duration-ms="14052" status="PASS">
          <reporter-output>
          </reporter-output>
        </test-method> <!-- createcustomer -->
        <test-method is-config="true" signature="logout()[pri:0, instance:com.Actitime.TestScripts.CreateCustomer@5119fb47]" started-at="2023-06-05T10:08:17 IST" name="logout" finished-at="2023-06-05T10:08:21 IST" duration-ms="3412" status="PASS">
          <reporter-output>
            <line>
              <![CDATA[logged out successfully]]>
            </line>
          </reporter-output>
        </test-method> <!-- logout -->
        <test-method is-config="true" signature="closebrowser()[pri:0, instance:com.Actitime.TestScripts.CreateCustomer@5119fb47]" started-at="2023-06-05T10:08:21 IST" name="closebrowser" finished-at="2023-06-05T10:08:21 IST" duration-ms="381" status="PASS">
          <reporter-output>
            <line>
              <![CDATA[browser closed]]>
            </line>
          </reporter-output>
        </test-method> <!-- closebrowser -->
        <test-method is-config="true" signature="closedatabaseconnection()[pri:0, instance:com.Actitime.TestScripts.CreateCustomer@5119fb47]" started-at="2023-06-05T10:08:21 IST" name="closedatabaseconnection" finished-at="2023-06-05T10:08:21 IST" duration-ms="1" status="PASS">
          <reporter-output>
            <line>
              <![CDATA[database disconnected]]>
            </line>
          </reporter-output>
        </test-method> <!-- closedatabaseconnection -->
      </class> <!-- com.Actitime.TestScripts.CreateCustomer -->
    </test> <!-- Default test -->
  </suite> <!-- Default suite -->
</testng-results>
